


ARM Macro Assembler    Page 1 


    1 00000000         ; Print.s
    2 00000000         ; Student names: change this to your names or look very 
                       silly
    3 00000000         ; Last modification date: change this to the last modifi
                       cation date or look very silly
    4 00000000         ; Runs on LM4F120 or TM4C123
    5 00000000         ; EE319K lab 7 device driver for any LCD
    6 00000000         ;
    7 00000000         ; As part of Lab 7, students need to implement these LCD
                       _OutDec and LCD_OutFix
    8 00000000         ; This driver assumes two low-level LCD functions
    9 00000000         ; ST7735_OutChar   outputs a single 8-bit ASCII characte
                       r
   10 00000000         ; ST7735_OutString outputs a null-terminated string 
   11 00000000         
   12 00000000                 IMPORT           ST7735_OutChar
   13 00000000                 IMPORT           ST7735_OutString
   14 00000000                 EXPORT           LCD_OutDec
   15 00000000                 EXPORT           LCD_OutFix
   16 00000000         
   17 00000000                 AREA             |.text|, CODE, READONLY, ALIGN=
2
   18 00000000                 THUMB
   19 00000000         
   20 00000000         
   21 00000000         
   22 00000000         ;-----------------------LCD_OutDec----------------------
                       -
   23 00000000         ; Output a 32-bit number in unsigned decimal format
   24 00000000         ; Input: R0 (call by value) 32-bit unsigned number
   25 00000000         ; Output: none
   26 00000000         ; Invariables: This function must not permanently modify
                        registers R4 to R11
   27 00000000         LCD_OutDec
   28 00000000 B510            PUSH             {R4, LR}
   29 00000002 280A            CMP              R0, #10
   30 00000004 D30C            BLO              done
   31 00000006 F04F 020A       MOV              R2, #10
   32 0000000A FBB0 F3F2       UDIV             R3, R0, R2
   33 0000000E FB03 F102       MUL              R1, R3, R2
   34 00000012 EBA0 0101       SUB              R1, R0, R1  ;R1 = N%10
   35 00000016 B422            PUSH             {R1, R5}
   36 00000018 0018            MOVS             R0, R3      ;N = N/10
   37 0000001A F7FF FFFE       BL               LCD_OutDec  ;LCD_OutDec(N/10)
   38 0000001E BC21            POP              {R0, R5}
   39 00000020 F100 0030 
                       done    ADD              R0, R0, #'0'
   40 00000024 F7FF FFFE       BL               ST7735_OutChar
   41 00000028 E8BD 4010       POP              {R4, LR}
   42 0000002C         
   43 0000002C 4770            BX               LR
   44 0000002E         ;* * * * * * * * End of LCD_OutDec * * * * * * * *
   45 0000002E         
   46 0000002E         ; -----------------------LCD _OutFix--------------------
                       --
   47 0000002E         ; Output characters to LCD display in fixed-point format
                       
   48 0000002E         ; unsigned decimal, resolution 0.001, range 0.000 to 9.9
                       99



ARM Macro Assembler    Page 2 


   49 0000002E         ; Inputs:  R0 is an unsigned 32-bit number
   50 0000002E         ; Outputs: none
   51 0000002E         ; E.g., R0=0,    then output "0.000 "
   52 0000002E         ;       R0=3,    then output "0.003 "
   53 0000002E         ;       R0=89,   then output "0.089 "
   54 0000002E         ;       R0=123,  then output "0.123 "
   55 0000002E         ;       R0=9999, then output "9.999 "
   56 0000002E         ;       R0>9999, then output "*.*** "
   57 0000002E         ; Invariables: This function must not permanently modify
                        registers R4 to R11
   58 0000002E         LCD_OutFix
   59 0000002E         
   60 0000002E         ;// variable can be resolution (milli) and adding decima
                       l (0x2E) 
   61 0000002E         ;// LCD_OutChar(0x30+n/1000)
   62 0000002E         ;;//thousand’s digit
   63 0000002E         ;;n = n%1000
   64 0000002E         ;;LCD_OutChar(0x2E)
   65 0000002E         ;;//decimal point
   66 0000002E         ;;LCD_OutChar(0x30+n/100)
   67 0000002E         ;;//hundred’s digit
   68 0000002E         ;;n = n%100
   69 0000002E         ;;LCD_OutChar(0x30+n/10)
   70 0000002E         ;;//ten’s digit
   71 0000002E         ;;LCD_OutChar (0x30+n%10)
   72 0000002E         ;;//one’s digit
   73 0000002E         
   74 0000002E         ; binding phase 
   75 0000002E 00000000 
                       n       EQU              0
   76 0000002E 00000004 
                       dec     EQU              4
   77 0000002E         
   78 0000002E         ; allocation phase 
   79 0000002E B510            PUSH             {R4, LR}
   80 00000030 B082            SUB              SP, #8      ; Allocates three 3
                                                            2 bit variables in 
                                                            stack 
   81 00000032 46EB            MOV              R11, SP     ; will use R11 as f
                                                            rame pointer 
   82 00000034         ; access phase
   83 00000034         
   84 00000034         
   85 00000034 F8CB 0000       STR              R0,[R11, #n] ; R0 input is now 
                                                            in n 
   86 00000038 F04F 002E       MOV              R0, #0x2E
   87 0000003C F8CB 0004       STR              R0, [R11, #dec] 
                                                            ; dec now has '.' 
   88 00000040         
   89 00000040 F8DB 0000       LDR              R0, [R11, #n]
   90 00000044 F242 710F       LDR              R1, =9999
   91 00000048 4288            CMP              R0, R1
   92 0000004A D84C            BHI              asterisk
   93 0000004C         
   94 0000004C F8DB 0000       LDR              R0, [R11, #n] ; R1 now has n in
                                                            put 
   95 00000050 F44F 717A       MOV              R1, #1000
   96 00000054 FBB0 F0F1       UDIV             R0, R0, R1  ; R0 has n/1000 
   97 00000058 F100 0030       ADD              R0, R0, #0x30 ; R0 added to asc



ARM Macro Assembler    Page 3 


                                                            ii 0 
   98 0000005C F7FF FFFE       BL               ST7735_OutChar
   99 00000060         
  100 00000060         ; n%1000 
  101 00000060 F8DB 0000       LDR              R0, [R11, #n]
  102 00000064 F44F 717A       MOV              R1, #1000   ; 
  103 00000068 FBB0 F3F1       UDIV             R3, R0, R1  ; R3 = R0/1000 
  104 0000006C FB03 F201       MUL              R2, R3, R1  ; R2 = R3*1000 
  105 00000070 EBA0 0002       SUB              R0, R0, R2  ; 
  106 00000074 F8CB 0000       STR              R0, [R11, #n] ; 
  107 00000078         
  108 00000078 F8DB 0004       LDR              R0, [R11, #dec] ; outputs a dec
                                                            imal  
  109 0000007C F7FF FFFE       BL               ST7735_OutChar
  110 00000080         
  111 00000080 F8DB 0000       LDR              R0, [R11, #n] ; 0x30 + n/100 
  112 00000084 F04F 0164       MOV              R1, #100
  113 00000088 FBB0 F0F1       UDIV             R0, R0, R1
  114 0000008C F100 0030       ADD              R0, R0, #0x30
  115 00000090 F7FF FFFE       BL               ST7735_OutChar
  116 00000094         
  117 00000094         ; n%100 
  118 00000094 F8DB 0000       LDR              R0, [R11, #n]
  119 00000098 F04F 0164       MOV              R1, #100    ; 
  120 0000009C FBB0 F3F1       UDIV             R3, R0, R1  ; 
  121 000000A0 FB03 F201       MUL              R2, R3, R1  ;  
  122 000000A4 EBA0 0002       SUB              R0, R0, R2  ; 
  123 000000A8 F8CB 0000       STR              R0, [R11, #n] ; 
  124 000000AC         
  125 000000AC F8DB 0000       LDR              R0, [R11, #n]
  126 000000B0 F04F 010A       MOV              R1, #10
  127 000000B4 FBB0 F0F1       UDIV             R0, R0, R1  ; n/10 
  128 000000B8 F100 0030       ADD              R0, R0, #0x30
  129 000000BC F7FF FFFE       BL               ST7735_OutChar
  130 000000C0         
  131 000000C0         ;n%10 
  132 000000C0 F8DB 0000       LDR              R0, [R11, #n]
  133 000000C4 F04F 010A       MOV              R1, #10     ; 
  134 000000C8 FBB0 F3F1       UDIV             R3, R0, R1  ; 
  135 000000CC FB03 F201       MUL              R2, R3, R1  ; 
  136 000000D0 EBA0 0002       SUB              R0, R0, R2  ; 
  137 000000D4 F8CB 0000       STR              R0, [R11, #n] ; 
  138 000000D8         
  139 000000D8 F8DB 0000       LDR              R0, [R11, #n]
  140 000000DC F100 0030       ADD              R0, R0, #0x30
  141 000000E0 F7FF FFFE       BL               ST7735_OutChar
  142 000000E4         
  143 000000E4 E010            B                Done
  144 000000E6         
  145 000000E6         asterisk
  146 000000E6 F04F 002A       MOV              R0, #0x2A
  147 000000EA F7FF FFFE       BL               ST7735_OutChar
  148 000000EE         
  149 000000EE F8DB 0004       LDR              R0, [R11, #dec] ; outputs a dec
                                                            imal  
  150 000000F2 F7FF FFFE       BL               ST7735_OutChar
  151 000000F6         
  152 000000F6 F04F 0A03       MOV              R10, #3
  153 000000FA         



ARM Macro Assembler    Page 4 


  154 000000FA F04F 002A 
                       astloop MOV              R0, #0x2A
  155 000000FE F7FF FFFE       BL               ST7735_OutChar
  156 00000102 F1BA 0A01       SUBS             R10, R10, #1
  157 00000106 D1F8            BNE              astloop
  158 00000108         
  159 00000108         ;deallocation phase 
  160 00000108 B002    Done    ADD              SP, #8
  161 0000010A E8BD 4010       POP              {R4, LR}
  162 0000010E 4770            BX               LR
  163 00000110         
  164 00000110                 ALIGN
  165 00000110         ;* * * * * * * * End of LCD_OutFix * * * * * * * *
  166 00000110         
  167 00000110                 ALIGN                        ; make sure the end
                                                             of this section is
                                                             aligned
  168 00000110                 END                          ; end of file
Command Line: --debug --xref --diag_suppress=9931 --cpu=Cortex-M4 --apcs=interw
ork --depend=.\print.d -o.\print.o -I.\RTE\_Lab9 -IC:\Keil_v5\ARM\PACK\ARM\CMSI
S\5.5.1\CMSIS\Core\Include -IC:\Keil_v5\ARM\PACK\Keil\TM4C_DFP\1.1.0\Device\Inc
lude\TM4C123 --predefine="__EVAL SETA 1" --predefine="__UVISION_VERSION SETA 52
6" --predefine="_RTE_ SETA 1" --predefine="TM4C123GH6PM SETA 1" --list=.\print.
lst Print.s



ARM Macro Assembler    Page 1 Alphabetic symbol ordering
Relocatable symbols

.text 00000000

Symbol: .text
   Definitions
      At line 17 in file Print.s
   Uses
      None
Comment: .text unused
Done 00000108

Symbol: Done
   Definitions
      At line 160 in file Print.s
   Uses
      At line 143 in file Print.s
Comment: Done used once
LCD_OutDec 00000000

Symbol: LCD_OutDec
   Definitions
      At line 27 in file Print.s
   Uses
      At line 14 in file Print.s
      At line 37 in file Print.s

LCD_OutFix 0000002E

Symbol: LCD_OutFix
   Definitions
      At line 58 in file Print.s
   Uses
      At line 15 in file Print.s
Comment: LCD_OutFix used once
asterisk 000000E6

Symbol: asterisk
   Definitions
      At line 145 in file Print.s
   Uses
      At line 92 in file Print.s
Comment: asterisk used once
astloop 000000FA

Symbol: astloop
   Definitions
      At line 154 in file Print.s
   Uses
      At line 157 in file Print.s
Comment: astloop used once
done 00000020

Symbol: done
   Definitions
      At line 39 in file Print.s
   Uses
      At line 30 in file Print.s
Comment: done used once
7 symbols



ARM Macro Assembler    Page 1 Alphabetic symbol ordering
Absolute symbols

dec 00000004

Symbol: dec
   Definitions
      At line 76 in file Print.s
   Uses
      At line 87 in file Print.s
      At line 108 in file Print.s
      At line 149 in file Print.s

n 00000000

Symbol: n
   Definitions
      At line 75 in file Print.s
   Uses
      At line 85 in file Print.s
      At line 89 in file Print.s
      At line 94 in file Print.s
      At line 101 in file Print.s
      At line 106 in file Print.s
      At line 111 in file Print.s
      At line 118 in file Print.s
      At line 123 in file Print.s
      At line 125 in file Print.s
      At line 132 in file Print.s
      At line 137 in file Print.s
      At line 139 in file Print.s

2 symbols



ARM Macro Assembler    Page 1 Alphabetic symbol ordering
External symbols

ST7735_OutChar 00000000

Symbol: ST7735_OutChar
   Definitions
      At line 12 in file Print.s
   Uses
      At line 40 in file Print.s
      At line 98 in file Print.s
      At line 109 in file Print.s
      At line 115 in file Print.s
      At line 129 in file Print.s
      At line 141 in file Print.s
      At line 147 in file Print.s
      At line 150 in file Print.s
      At line 155 in file Print.s

ST7735_OutString 00000000

Symbol: ST7735_OutString
   Definitions
      At line 13 in file Print.s
   Uses
      None
Comment: ST7735_OutString unused
2 symbols
345 symbols in table
